Using pre-set license
Built from '2021.3/staging' branch; Version is '2021.3.22f1 (b6c551784ba3) revision 11978065'; Using compiler version '192829333'; Build Type 'Release'
OS: 'Windows 11  (10.0.22621) 64bit CoreSingleLanguage' Language: 'en' Physical Memory: 16147 MB
BatchMode: 1, IsHumanControllingUs: 0, StartBugReporterOnCrash: 0, Is64bit: 1, IsPro: 1

COMMAND LINE ARGUMENTS:
F:\Unity\2021.3.22f1\Editor\Unity.exe
-adb2
-batchMode
-noUpm
-name
AssetImportWorker1
-projectPath
F:/Unity/Unity Project/ppap20juni2023
-logFile
Logs/AssetImportWorker1.log
-srvPort
63692
Successfully changed project path to: F:/Unity/Unity Project/ppap20juni2023
F:/Unity/Unity Project/ppap20juni2023
[UnityMemory] Configuration Parameters - Can be set up in boot.config
    "memorysetup-bucket-allocator-granularity=16"
    "memorysetup-bucket-allocator-bucket-count=8"
    "memorysetup-bucket-allocator-block-size=33554432"
    "memorysetup-bucket-allocator-block-count=8"
    "memorysetup-main-allocator-block-size=16777216"
    "memorysetup-thread-allocator-block-size=16777216"
    "memorysetup-gfx-main-allocator-block-size=16777216"
    "memorysetup-gfx-thread-allocator-block-size=16777216"
    "memorysetup-cache-allocator-block-size=4194304"
    "memorysetup-typetree-allocator-block-size=2097152"
    "memorysetup-profiler-bucket-allocator-granularity=16"
    "memorysetup-profiler-bucket-allocator-bucket-count=8"
    "memorysetup-profiler-bucket-allocator-block-size=33554432"
    "memorysetup-profiler-bucket-allocator-block-count=8"
    "memorysetup-profiler-allocator-block-size=16777216"
    "memorysetup-profiler-editor-allocator-block-size=1048576"
    "memorysetup-temp-allocator-size-main=16777216"
    "memorysetup-job-temp-allocator-block-size=2097152"
    "memorysetup-job-temp-allocator-block-size-background=1048576"
    "memorysetup-job-temp-allocator-reduction-small-platforms=262144"
    "memorysetup-temp-allocator-size-background-worker=32768"
    "memorysetup-temp-allocator-size-job-worker=262144"
    "memorysetup-temp-allocator-size-preload-manager=33554432"
    "memorysetup-temp-allocator-size-nav-mesh-worker=65536"
    "memorysetup-temp-allocator-size-audio-worker=65536"
    "memorysetup-temp-allocator-size-cloud-worker=32768"
    "memorysetup-temp-allocator-size-gi-baking-worker=262144"
    "memorysetup-temp-allocator-size-gfx=262144"
Player connection [27224] Host "[IP] 192.168.56.1 [Port] 0 [Flags] 2 [Guid] 3525231008 [EditorId] 3525231008 [Version] 1048832 [Id] WindowsEditor(7,DESKTOP-75T131H) [Debug] 1 [PackageName] WindowsEditor [ProjectName] Editor" joined multi-casting on [225.0.0.222:54997]...

Player connection [27224] Host "[IP] 192.168.56.1 [Port] 0 [Flags] 2 [Guid] 3525231008 [EditorId] 3525231008 [Version] 1048832 [Id] WindowsEditor(7,DESKTOP-75T131H) [Debug] 1 [PackageName] WindowsEditor [ProjectName] Editor" joined alternative multi-casting on [225.0.0.222:34997]...

Refreshing native plugins compatible for Editor in 168.06 ms, found 9 plugins.
Preloading 0 native plugins for Editor in 0.00 ms.
Initialize engine version: 2021.3.22f1 (b6c551784ba3)
[Subsystems] Discovering subsystems at path F:/Unity/2021.3.22f1/Editor/Data/Resources/UnitySubsystems
[Subsystems] Discovering subsystems at path F:/Unity/Unity Project/ppap20juni2023/Assets
GfxDevice: creating device client; threaded=0; jobified=0
Direct3D:
    Version:  Direct3D 11.0 [level 11.1]
    Renderer: NVIDIA GeForce RTX 3050 Laptop GPU (ID=0x25a5)
    Vendor:   NVIDIA
    VRAM:     3977 MB
    Driver:   31.0.15.3623
Initialize mono
Mono path[0] = 'F:/Unity/2021.3.22f1/Editor/Data/Managed'
Mono path[1] = 'F:/Unity/2021.3.22f1/Editor/Data/MonoBleedingEdge/lib/mono/unityjit-win32'
Mono config path = 'F:/Unity/2021.3.22f1/Editor/Data/MonoBleedingEdge/etc'
Using monoOptions --debugger-agent=transport=dt_socket,embedding=1,server=y,suspend=n,address=127.0.0.1:56492
Begin MonoManager ReloadAssembly
Registering precompiled unity dll's ...
Register platform support module: F:/Unity/2021.3.22f1/Editor/Data/PlaybackEngines/AndroidPlayer/UnityEditor.Android.Extensions.dll
Register platform support module: F:/Unity/2021.3.22f1/Editor/Data/PlaybackEngines/WindowsStandaloneSupport/UnityEditor.WindowsStandalone.Extensions.dll
Registered in 0.002147 seconds.
Native extension for WindowsStandalone target not found
Native extension for Android target not found
Android Extension - Scanning For ADB Devices 422 ms
Refreshing native plugins compatible for Editor in 151.27 ms, found 9 plugins.
Preloading 0 native plugins for Editor in 0.00 ms.
Mono: successfully reloaded assembly
- Completed reload, in  1.457 seconds
Domain Reload Profiling:
	ReloadAssembly (1458ms)
		BeginReloadAssembly (144ms)
			ExecutionOrderSort (0ms)
			DisableScriptedObjects (0ms)
			BackupInstance (0ms)
			ReleaseScriptingObjects (0ms)
			CreateAndSetChildDomain (1ms)
		EndReloadAssembly (1176ms)
			LoadAssemblies (143ms)
			RebuildTransferFunctionScriptingTraits (0ms)
			SetupTypeCache (189ms)
			ReleaseScriptCaches (0ms)
			RebuildScriptCaches (40ms)
			SetupLoadedEditorAssemblies (867ms)
				LogAssemblyErrors (0ms)
				InitializePlatformSupportModulesInManaged (510ms)
				SetLoadedEditorAssemblies (0ms)
				RefreshPlugins (151ms)
				BeforeProcessingInitializeOnLoad (2ms)
				ProcessInitializeOnLoadAttributes (136ms)
				ProcessInitializeOnLoadMethodAttributes (67ms)
				AfterProcessingInitializeOnLoad (0ms)
				EditorAssembliesLoaded (0ms)
			ExecutionOrderSort2 (0ms)
			AwakeInstancesAfterBackupRestoration (0ms)
Platform modules already initialized, skipping
Registering precompiled user dll's ...
Registered in 0.006574 seconds.
Begin MonoManager ReloadAssembly
Symbol file LoadedFromMemory doesn't match image F:\Unity\Unity Project\ppap20juni2023\Library\PackageCache\com.unity.visualscripting@1.8.0\Editor\VisualScripting.Core\Dependencies\DotNetZip\Unity.VisualScripting.IonicZip.dll
Symbol file LoadedFromMemory doesn't match image F:\Unity\Unity Project\ppap20juni2023\Library\PackageCache\com.unity.visualscripting@1.8.0\Editor\VisualScripting.Core\Dependencies\YamlDotNet\Unity.VisualScripting.YamlDotNet.dll
Native extension for WindowsStandalone target not found
Native extension for Android target not found
Refreshing native plugins compatible for Editor in 138.41 ms, found 9 plugins.
Preloading 0 native plugins for Editor in 0.00 ms.
Package Manager log level set to [2]
Mono: successfully reloaded assembly
- Completed reload, in  1.750 seconds
Domain Reload Profiling:
	ReloadAssembly (1751ms)
		BeginReloadAssembly (172ms)
			ExecutionOrderSort (0ms)
			DisableScriptedObjects (9ms)
			BackupInstance (0ms)
			ReleaseScriptingObjects (0ms)
			CreateAndSetChildDomain (29ms)
		EndReloadAssembly (1429ms)
			LoadAssemblies (130ms)
			RebuildTransferFunctionScriptingTraits (0ms)
			SetupTypeCache (428ms)
			ReleaseScriptCaches (1ms)
			RebuildScriptCaches (83ms)
			SetupLoadedEditorAssemblies (741ms)
				LogAssemblyErrors (0ms)
				InitializePlatformSupportModulesInManaged (23ms)
				SetLoadedEditorAssemblies (0ms)
				RefreshPlugins (139ms)
				BeforeProcessingInitializeOnLoad (129ms)
				ProcessInitializeOnLoadAttributes (388ms)
				ProcessInitializeOnLoadMethodAttributes (60ms)
				AfterProcessingInitializeOnLoad (2ms)
				EditorAssembliesLoaded (0ms)
			ExecutionOrderSort2 (0ms)
			AwakeInstancesAfterBackupRestoration (7ms)
Platform modules already initialized, skipping
========================================================================
Worker process is ready to serve import requests
Launched and connected shader compiler UnityShaderCompiler.exe after 0.07 seconds
Refreshing native plugins compatible for Editor in 1.87 ms, found 9 plugins.
Preloading 0 native plugins for Editor in 0.00 ms.
Unloading 4341 Unused Serialized files (Serialized files now loaded: 0)
Unloading 52 unused Assets / (115.4 KB). Loaded Objects now: 4811.
Memory consumption went from 163.1 MB to 163.0 MB.
Total: 7.856600 ms (FindLiveObjects: 1.099700 ms CreateObjectMapping: 0.583500 ms MarkObjects: 5.482100 ms  DeleteObjects: 0.689000 ms)

AssetImportParameters requested are different than current active one (requested -> active):
  custom:video-decoder-ogg-theora: a1e56fd34408186e4bbccfd4996cb3dc -> 
  custom:container-muxer-webm: aa71ff27fc2769a1b78a27578f13a17b -> 
  custom:container-demuxer-webm: 4f35f7cbe854078d1ac9338744f61a02 -> 
  custom:video-encoder-webm-vp8: eb34c28f22e8b96e1ab97ce403110664 -> 
  custom:audio-encoder-webm-vorbis: bf7c407c2cedff20999df2af8eb42d56 -> 
  custom:framework-win-MediaFoundation: 216162199b28c13a410421893ffa2e32 -> 
  custom:container-demuxer-ogg: 62fdf1f143b41e24485cea50d1cbac27 -> 
  custom:video-decoder-webm-vp8: 9c59270c3fd7afecdb556c50c9e8de78 -> 
  custom:audio-decoder-ogg-vorbis: bf7c407c2cedff20999df2af8eb42d56 -> 
========================================================================
Received Import Request.
  Time since last request: 192172.627044 seconds.
  path: Assets/Samples/XR Interaction Toolkit/2.4.0/Starter Assets
  artifactKey: Guid(9ef0009e1522e8645a32e02d918acd5b) Importer(815301076,1909f56bfc062723c751e8b465ee728b)
Start importing Assets/Samples/XR Interaction Toolkit/2.4.0/Starter Assets using Guid(9ef0009e1522e8645a32e02d918acd5b) Importer(815301076,1909f56bfc062723c751e8b465ee728b)  -> (artifact id: 'dd52bbada92e875012aa0d3c50c97510') in 0.029418 seconds 
========================================================================
Received Prepare
Registering precompiled user dll's ...
Registered in 0.005322 seconds.
Begin MonoManager ReloadAssembly
Symbol file LoadedFromMemory doesn't match image F:\Unity\Unity Project\ppap20juni2023\Library\PackageCache\com.unity.visualscripting@1.8.0\Editor\VisualScripting.Core\Dependencies\DotNetZip\Unity.VisualScripting.IonicZip.dll
Symbol file LoadedFromMemory doesn't match image F:\Unity\Unity Project\ppap20juni2023\Library\PackageCache\com.unity.visualscripting@1.8.0\Editor\VisualScripting.Core\Dependencies\YamlDotNet\Unity.VisualScripting.YamlDotNet.dll
Native extension for WindowsStandalone target not found
Native extension for Android target not found
Refreshing native plugins compatible for Editor in 1.17 ms, found 9 plugins.
Preloading 0 native plugins for Editor in 0.00 ms.
CreateSerializedAsset is not supported while importing out-of-process
UnityEngine.StackTraceUtility:ExtractStackTrace ()
Unity.XR.CoreUtils.ScriptableSettingsBase`1<UnityEngine.XR.Interaction.Toolkit.InteractionLayerSettings>:CreateInstanceAsset (string) (at Library/PackageCache/com.unity.xr.core-utils@2.2.1/Runtime/ScriptableSettingsBase.cs:285)
Unity.XR.CoreUtils.ScriptableSettingsBase`1<UnityEngine.XR.Interaction.Toolkit.InteractionLayerSettings>:Save (string) (at Library/PackageCache/com.unity.xr.core-utils@2.2.1/Runtime/ScriptableSettingsBase.cs:210)
Unity.XR.CoreUtils.ScriptableSettings`1<UnityEngine.XR.Interaction.Toolkit.InteractionLayerSettings>:CreateAndLoad () (at Library/PackageCache/com.unity.xr.core-utils@2.2.1/Runtime/ScriptableSettings.cs:45)
Unity.XR.CoreUtils.ScriptableSettings`1<UnityEngine.XR.Interaction.Toolkit.InteractionLayerSettings>:get_Instance () (at Library/PackageCache/com.unity.xr.core-utils@2.2.1/Runtime/ScriptableSettings.cs:25)
UnityEditor.XR.Interaction.Toolkit.Samples.StarterAssetsSampleProjectValidation:.cctor () (at Assets/Samples/XR Interaction Toolkit/2.4.0/Starter Assets/Editor/Scripts/StarterAssetsSampleProjectValidation.cs:22)
System.Reflection.RuntimeMethodInfo:Invoke (object,System.Reflection.BindingFlags,System.Reflection.Binder,object[],System.Globalization.CultureInfo)
System.Reflection.MethodBase:Invoke (object,object[])
UnityEditor.EditorAssemblies:ProcessInitializeOnLoadMethodAttributes ()

[Assets/Samples/XR Interaction Toolkit/2.4.0/Starter Assets/Editor/Scripts/StarterAssetsSampleProjectValidation.cs line 22]

Exception caught trying to create path.
UnityEngine.UnityException: Creating asset at path Assets/XRI/Settings/Resources/InteractionLayerSettings.asset failed.
  at (wrapper managed-to-native) UnityEditor.AssetDatabase.CreateAsset(UnityEngine.Object,string)
  at Unity.XR.CoreUtils.ScriptableSettingsBase`1[T].CreateInstanceAsset (System.String savePath) [0x0002a] in F:\Unity\Unity Project\ppap20juni2023\Library\PackageCache\com.unity.xr.core-utils@2.2.1\Runtime\ScriptableSettingsBase.cs:285 
  at Unity.XR.CoreUtils.ScriptableSettingsBase`1[T].Save (System.String savePathFormat) [0x00067] in F:\Unity\Unity Project\ppap20juni2023\Library\PackageCache\com.unity.xr.core-utils@2.2.1\Runtime\ScriptableSettingsBase.cs:210 
UnityEngine.StackTraceUtility:ExtractStackTrace ()
UnityEngine.DebugLogHandler:LogFormat (UnityEngine.LogType,UnityEngine.Object,string,object[])
UnityEngine.Logger:Log (UnityEngine.LogType,object,UnityEngine.Object)
UnityEngine.Debug:LogWarning (object,UnityEngine.Object)
Unity.XR.CoreUtils.XRLoggingUtils:LogWarning (string,UnityEngine.Object) (at Library/PackageCache/com.unity.xr.core-utils@2.2.1/Runtime/XRLoggingUtils.cs:45)
Unity.XR.CoreUtils.ScriptableSettingsBase`1<UnityEngine.XR.Interaction.Toolkit.InteractionLayerSettings>:Save (string) (at Library/PackageCache/com.unity.xr.core-utils@2.2.1/Runtime/ScriptableSettingsBase.cs:214)
Unity.XR.CoreUtils.ScriptableSettings`1<UnityEngine.XR.Interaction.Toolkit.InteractionLayerSettings>:CreateAndLoad () (at Library/PackageCache/com.unity.xr.core-utils@2.2.1/Runtime/ScriptableSettings.cs:45)
Unity.XR.CoreUtils.ScriptableSettings`1<UnityEngine.XR.Interaction.Toolkit.InteractionLayerSettings>:get_Instance () (at Library/PackageCache/com.unity.xr.core-utils@2.2.1/Runtime/ScriptableSettings.cs:25)
UnityEditor.XR.Interaction.Toolkit.Samples.StarterAssetsSampleProjectValidation:.cctor () (at Assets/Samples/XR Interaction Toolkit/2.4.0/Starter Assets/Editor/Scripts/StarterAssetsSampleProjectValidation.cs:22)
System.Reflection.RuntimeMethodInfo:Invoke (object,System.Reflection.BindingFlags,System.Reflection.Binder,object[],System.Globalization.CultureInfo)
System.Reflection.MethodBase:Invoke (object,object[])
UnityEditor.EditorAssemblies:ProcessInitializeOnLoadMethodAttributes ()

(Filename: Library/PackageCache/com.unity.xr.core-utils@2.2.1/Runtime/XRLoggingUtils.cs Line: 45)

The path 'Assets/XRI/Settings' is invalid. Generating a path instead.
UnityEngine.StackTraceUtility:ExtractStackTrace ()
UnityEngine.DebugLogHandler:LogFormat (UnityEngine.LogType,UnityEngine.Object,string,object[])
UnityEngine.Logger:Log (UnityEngine.LogType,object,UnityEngine.Object)
UnityEngine.Debug:LogWarning (object,UnityEngine.Object)
Unity.XR.CoreUtils.XRLoggingUtils:LogWarning (string,UnityEngine.Object) (at Library/PackageCache/com.unity.xr.core-utils@2.2.1/Runtime/XRLoggingUtils.cs:45)
Unity.XR.CoreUtils.ScriptableSettingsBase`1<UnityEngine.XR.Interaction.Toolkit.InteractionLayerSettings>:Save (string) (at Library/PackageCache/com.unity.xr.core-utils@2.2.1/Runtime/ScriptableSettingsBase.cs:220)
Unity.XR.CoreUtils.ScriptableSettings`1<UnityEngine.XR.Interaction.Toolkit.InteractionLayerSettings>:CreateAndLoad () (at Library/PackageCache/com.unity.xr.core-utils@2.2.1/Runtime/ScriptableSettings.cs:45)
Unity.XR.CoreUtils.ScriptableSettings`1<UnityEngine.XR.Interaction.Toolkit.InteractionLayerSettings>:get_Instance () (at Library/PackageCache/com.unity.xr.core-utils@2.2.1/Runtime/ScriptableSettings.cs:25)
UnityEditor.XR.Interaction.Toolkit.Samples.StarterAssetsSampleProjectValidation:.cctor () (at Assets/Samples/XR Interaction Toolkit/2.4.0/Starter Assets/Editor/Scripts/StarterAssetsSampleProjectValidation.cs:22)
System.Reflection.RuntimeMethodInfo:Invoke (object,System.Reflection.BindingFlags,System.Reflection.Binder,object[],System.Globalization.CultureInfo)
System.Reflection.MethodBase:Invoke (object,object[])
UnityEditor.EditorAssemblies:ProcessInitializeOnLoadMethodAttributes ()

(Filename: Library/PackageCache/com.unity.xr.core-utils@2.2.1/Runtime/XRLoggingUtils.cs Line: 45)

Error saving  (UnityEngine.XR.Interaction.Toolkit.InteractionLayerSettings). Could not get a MonoScript from the instance
UnityEngine.StackTraceUtility:ExtractStackTrace ()
UnityEngine.DebugLogHandler:LogFormat (UnityEngine.LogType,UnityEngine.Object,string,object[])
UnityEngine.Logger:Log (UnityEngine.LogType,object,UnityEngine.Object)
UnityEngine.Debug:LogWarning (object,UnityEngine.Object)
Unity.XR.CoreUtils.XRLoggingUtils:LogWarning (string,UnityEngine.Object) (at Library/PackageCache/com.unity.xr.core-utils@2.2.1/Runtime/XRLoggingUtils.cs:45)
Unity.XR.CoreUtils.ScriptableSettingsBase`1<UnityEngine.XR.Interaction.Toolkit.InteractionLayerSettings>:Save (string) (at Library/PackageCache/com.unity.xr.core-utils@2.2.1/Runtime/ScriptableSettingsBase.cs:230)
Unity.XR.CoreUtils.ScriptableSettings`1<UnityEngine.XR.Interaction.Toolkit.InteractionLayerSettings>:CreateAndLoad () (at Library/PackageCache/com.unity.xr.core-utils@2.2.1/Runtime/ScriptableSettings.cs:45)
Unity.XR.CoreUtils.ScriptableSettings`1<UnityEngine.XR.Interaction.Toolkit.InteractionLayerSettings>:get_Instance () (at Library/PackageCache/com.unity.xr.core-utils@2.2.1/Runtime/ScriptableSettings.cs:25)
UnityEditor.XR.Interaction.Toolkit.Samples.StarterAssetsSampleProjectValidation:.cctor () (at Assets/Samples/XR Interaction Toolkit/2.4.0/Starter Assets/Editor/Scripts/StarterAssetsSampleProjectValidation.cs:22)
System.Reflection.RuntimeMethodInfo:Invoke (object,System.Reflection.BindingFlags,System.Reflection.Binder,object[],System.Globalization.CultureInfo)
System.Reflection.MethodBase:Invoke (object,object[])
UnityEditor.EditorAssemblies:ProcessInitializeOnLoadMethodAttributes ()

(Filename: Library/PackageCache/com.unity.xr.core-utils@2.2.1/Runtime/XRLoggingUtils.cs Line: 45)

System.Reflection.TargetInvocationException: Exception has been thrown by the target of an invocation. ---> System.TypeInitializationException: The type initializer for 'UnityEditor.XR.Interaction.Toolkit.Samples.StarterAssetsSampleProjectValidation' threw an exception. ---> System.NullReferenceException: Object reference not set to an instance of an object
  at UnityEditor.XR.Interaction.Toolkit.Samples.StarterAssetsSampleProjectValidation..cctor () [0x00023] in F:\Unity\Unity Project\ppap20juni2023\Assets\Samples\XR Interaction Toolkit\2.4.0\Starter Assets\Editor\Scripts\StarterAssetsSampleProjectValidation.cs:22 
   --- End of inner exception stack trace ---
  at (wrapper managed-to-native) System.Object.__icall_wrapper_mono_gc_wbarrier_generic_nostore_internal(intptr)
  at (wrapper write-barrier) System.Object.wbarrier_conc(intptr)
  at (wrapper managed-to-native) System.Reflection.RuntimeMethodInfo.InternalInvoke(System.Reflection.RuntimeMethodInfo,object,object[],System.Exception&)
  at System.Reflection.RuntimeMethodInfo.Invoke (System.Object obj, System.Reflection.BindingFlags invokeAttr, System.Reflection.Binder binder, System.Object[] parameters, System.Globalization.CultureInfo culture) [0x0006a] in <88e4733ac7bc4ae1b496735e6b83bbd3>:0 
   --- End of inner exception stack trace ---
  at System.Reflection.RuntimeMethodInfo.Invoke (System.Object obj, System.Reflection.BindingFlags invokeAttr, System.Reflection.Binder binder, System.Object[] parameters, System.Globalization.CultureInfo culture) [0x00083] in <88e4733ac7bc4ae1b496735e6b83bbd3>:0 
  at System.Reflection.MethodBase.Invoke (System.Object obj, System.Object[] parameters) [0x00000] in <88e4733ac7bc4ae1b496735e6b83bbd3>:0 
  at UnityEditor.EditorAssemblies.ProcessInitializeOnLoadMethodAttributes () [0x000a5] in <964670f15c6b47f9b8f9340732720473>:0 
UnityEngine.StackTraceUtility:ExtractStackTrace ()
UnityEngine.DebugLogHandler:LogFormat (UnityEngine.LogType,UnityEngine.Object,string,object[])
UnityEngine.Logger:Log (UnityEngine.LogType,object)
UnityEngine.Debug:LogError (object)
UnityEditor.EditorAssemblies:ProcessInitializeOnLoadMethodAttributes ()

Mono: successfully reloaded assembly
- Completed reload, in  1.544 seconds
Domain Reload Profiling:
	ReloadAssembly (1545ms)
		BeginReloadAssembly (192ms)
			ExecutionOrderSort (0ms)
			DisableScriptedObjects (6ms)
			BackupInstance (0ms)
			ReleaseScriptingObjects (0ms)
			CreateAndSetChildDomain (57ms)
		EndReloadAssembly (1219ms)
			LoadAssemblies (122ms)
			RebuildTransferFunctionScriptingTraits (1ms)
			SetupTypeCache (397ms)
			ReleaseScriptCaches (2ms)
			RebuildScriptCaches (55ms)
			SetupLoadedEditorAssemblies (569ms)
				LogAssemblyErrors (0ms)
				InitializePlatformSupportModulesInManaged (26ms)
				SetLoadedEditorAssemblies (1ms)
				RefreshPlugins (1ms)
				BeforeProcessingInitializeOnLoad (90ms)
				ProcessInitializeOnLoadAttributes (368ms)
				ProcessInitializeOnLoadMethodAttributes (80ms)
				AfterProcessingInitializeOnLoad (3ms)
				EditorAssembliesLoaded (0ms)
			ExecutionOrderSort2 (0ms)
			AwakeInstancesAfterBackupRestoration (8ms)
Platform modules already initialized, skipping
Refreshing native plugins compatible for Editor in 5.64 ms, found 9 plugins.
Preloading 0 native plugins for Editor in 0.00 ms.
Unloading 4313 Unused Serialized files (Serialized files now loaded: 0)
Unloading 42 unused Assets / (81.0 KB). Loaded Objects now: 4816.
Memory consumption went from 160.9 MB to 160.8 MB.
Total: 3.956300 ms (FindLiveObjects: 0.406700 ms CreateObjectMapping: 0.165500 ms MarkObjects: 3.280000 ms  DeleteObjects: 0.102400 ms)

AssetImportParameters requested are different than current active one (requested -> active):
  custom:video-decoder-ogg-theora: a1e56fd34408186e4bbccfd4996cb3dc -> 
  custom:container-muxer-webm: aa71ff27fc2769a1b78a27578f13a17b -> 
  custom:container-demuxer-webm: 4f35f7cbe854078d1ac9338744f61a02 -> 
  custom:video-encoder-webm-vp8: eb34c28f22e8b96e1ab97ce403110664 -> 
  custom:audio-encoder-webm-vorbis: bf7c407c2cedff20999df2af8eb42d56 -> 
  custom:framework-win-MediaFoundation: 216162199b28c13a410421893ffa2e32 -> 
  custom:container-demuxer-ogg: 62fdf1f143b41e24485cea50d1cbac27 -> 
  custom:video-decoder-webm-vp8: 9c59270c3fd7afecdb556c50c9e8de78 -> 
  custom:audio-decoder-ogg-vorbis: bf7c407c2cedff20999df2af8eb42d56 -> 
========================================================================
Received Import Request.
  Time since last request: 50.667627 seconds.
  path: Assets/Samples/XR Interaction Toolkit/2.4.0/Starter Assets/XRI Default Continuous Move.preset
  artifactKey: Guid(91f9da00cfdac5d49955df2d2d820b9c) Importer(815301076,1909f56bfc062723c751e8b465ee728b)
Start importing Assets/Samples/XR Interaction Toolkit/2.4.0/Starter Assets/XRI Default Continuous Move.preset using Guid(91f9da00cfdac5d49955df2d2d820b9c) Importer(815301076,1909f56bfc062723c751e8b465ee728b)  -> (artifact id: 'e9c51fa6421853c3dd0e88bb4ddbb83c') in 0.059051 seconds 
========================================================================
Received Import Request.
  Time since last request: 0.000049 seconds.
  path: Assets/Samples/XR Interaction Toolkit/2.4.0/Starter Assets/XRI Default Snap Turn.preset
  artifactKey: Guid(18697d253d848974aa7052cba872c9f0) Importer(815301076,1909f56bfc062723c751e8b465ee728b)
Start importing Assets/Samples/XR Interaction Toolkit/2.4.0/Starter Assets/XRI Default Snap Turn.preset using Guid(18697d253d848974aa7052cba872c9f0) Importer(815301076,1909f56bfc062723c751e8b465ee728b)  -> (artifact id: '15ba23a4f18a9170d75e7f8f667f1b7d') in 0.015692 seconds 
========================================================================
Received Import Request.
  Time since last request: 0.000035 seconds.
  path: Assets/Samples/XR Interaction Toolkit/2.4.0/Starter Assets/XRI Default Gaze Controller.preset
  artifactKey: Guid(2e6e6d902741c934ba75a28389d4f66e) Importer(815301076,1909f56bfc062723c751e8b465ee728b)
Start importing Assets/Samples/XR Interaction Toolkit/2.4.0/Starter Assets/XRI Default Gaze Controller.preset using Guid(2e6e6d902741c934ba75a28389d4f66e) Importer(815301076,1909f56bfc062723c751e8b465ee728b)  -> (artifact id: 'a5f358721fcd4a0dba8f6a8b6e6fd650') in 0.021928 seconds 
========================================================================
Received Import Request.
  Time since last request: 0.000027 seconds.
  path: Assets/Samples/XR Interaction Toolkit/2.4.0/Starter Assets/XRI Default Input Actions.inputactions
  artifactKey: Guid(c348712bda248c246b8c49b3db54643f) Importer(815301076,1909f56bfc062723c751e8b465ee728b)
Start importing Assets/Samples/XR Interaction Toolkit/2.4.0/Starter Assets/XRI Default Input Actions.inputactions using Guid(c348712bda248c246b8c49b3db54643f) Importer(815301076,1909f56bfc062723c751e8b465ee728b)  -> (artifact id: '7f6a1948ed90e560d9173bd2175fe661') in 0.038150 seconds 
========================================================================
Received Import Request.
  Time since last request: 0.000051 seconds.
  path: Assets/Samples/XR Interaction Toolkit/2.4.0/Starter Assets/XRI Default XR UI Input Module.preset
  artifactKey: Guid(2c3e7ff9ab352b74da862a5a8779b276) Importer(815301076,1909f56bfc062723c751e8b465ee728b)
Start importing Assets/Samples/XR Interaction Toolkit/2.4.0/Starter Assets/XRI Default XR UI Input Module.preset using Guid(2c3e7ff9ab352b74da862a5a8779b276) Importer(815301076,1909f56bfc062723c751e8b465ee728b)  -> (artifact id: 'c763f025fbc4a01ad9f35ed034b24a97') in 0.016528 seconds 
========================================================================
Received Import Request.
  Time since last request: 0.000025 seconds.
  path: Assets/Samples/XR Interaction Toolkit/2.4.0/Starter Assets/XRI Default Right Controller.preset
  artifactKey: Guid(1421ad86ff3787b4dae70fe9e699a25f) Importer(815301076,1909f56bfc062723c751e8b465ee728b)
Start importing Assets/Samples/XR Interaction Toolkit/2.4.0/Starter Assets/XRI Default Right Controller.preset using Guid(1421ad86ff3787b4dae70fe9e699a25f) Importer(815301076,1909f56bfc062723c751e8b465ee728b) SendMessage cannot be called during Awake, CheckConsistency, or OnValidate (Button_Home: OnMeshFilterChanged)
SendMessage cannot be called during Awake, CheckConsistency, or OnValidate (Controller_Base: OnMeshFilterChanged)
SendMessage cannot be called during Awake, CheckConsistency, or OnValidate (Bumper: OnMeshFilterChanged)
SendMessage cannot be called during Awake, CheckConsistency, or OnValidate (TouchPad: OnMeshFilterChanged)
SendMessage cannot be called during Awake, CheckConsistency, or OnValidate (Trigger: OnMeshFilterChanged)
SendMessage cannot be called during Awake, CheckConsistency, or OnValidate (Button_A: OnMeshFilterChanged)
SendMessage cannot be called during Awake, CheckConsistency, or OnValidate (Button_B: OnMeshFilterChanged)
SendMessage cannot be called during Awake, CheckConsistency, or OnValidate (ThumbStick: OnMeshFilterChanged)
SendMessage cannot be called during Awake, CheckConsistency, or OnValidate (ThumbStick_Base: OnMeshFilterChanged)
 -> (artifact id: 'cec42437903129a51f0994158447bfb9') in 0.026009 seconds 
Editor requested this worker to shutdown with reason: Scaling down because of idle timeout
AssetImportWorker is now disconnected from the server
Process exiting
Exiting without the bug reporter. Application will terminate with return code 0